2025-04-22 12:23:46,693 INFO Image answer: cc01.png
2025-04-22 12:23:46,694 INFO True answer: 2     [4, 0, 0, 0, 1, 2, 3, 4, 5, 6, 7, 8, 9, 0, 1, 0]
Name: numbers, dtype: object
2025-04-22 12:23:46,695 INFO Predicted answer: [4, 0, 0, 0, 1, 2, 3, 4, 5, 6, 7, 8, 9, 0, 1, 0]


2025-04-22 12:44:34,821 INFO Image answer: cc01.png
2025-04-22 12:44:34,821 INFO True answer:  [4, 0, 0, 0, 1, 2, 3, 4, 5, 6, 7, 8, 9, 0, 1, 0]
2025-04-22 12:44:34,821 INFO Predicted answer: [4, 0, 0, 0, 1, 2, 3, 4, 5, 6, 7, 8, 9, 0, 1, 0]


2025-04-22 13:17:45,445 INFO Image answer: cc05.png
2025-04-22 13:17:45,445 INFO True answer:  [5, 4, 7, 6, 7, 6, 7, 8, 9, 8, 7, 6, 5, 4, 3, 2]
2025-04-22 13:17:45,446 INFO Predicted answer: [2, 4, 7, 6, 7, 6, 7, 8, 9, 8, 7, 6, 2, 4, 3, 2]


2025-04-22 13:18:01,530 INFO Image answer: cc06.png
2025-04-22 13:18:01,532 INFO True answer:  [1, 2, 3, 4, 5, 6, 7, 8, 1, 2, 3, 4, 5, 6, 7, 8]
2025-04-22 13:18:01,532 INFO Predicted answer: []


2025-04-22 13:18:16,281 INFO Image answer: cc19.png
2025-04-22 13:18:16,281 INFO True answer:  [0, 1, 2, 3, 4, 6, 5, 7, 8, 9, 1, 0, 2, 3, 4, 5]
2025-04-22 13:18:16,282 INFO Predicted answer: [0, 1, 2, 3, 8, 7]


2025-04-22 13:18:34,463 INFO Image answer: cc19.png
2025-04-22 13:18:34,463 INFO True answer:  [0, 1, 2, 3, 4, 6, 5, 7, 8, 9, 1, 0, 2, 3, 4, 5]
2025-04-22 13:18:34,464 INFO Predicted answer: [0, 1, 2, 3, 8, 7]


2025-04-22 13:21:20,481 INFO Image answer: cc19.png
2025-04-22 13:21:20,482 INFO True answer:  [0, 1, 2, 3, 4, 6, 5, 7, 8, 9, 1, 0, 2, 3, 4, 5]
2025-04-22 13:21:20,482 INFO Predicted answer: [0, 1, 2, 3, 8, 2, 2, 7, 8, 2, 1, 0, 2, 3, 8, 2]


2025-04-22 13:23:08,076 INFO Image answer: cc06.png
2025-04-22 13:23:08,077 INFO True answer:  [1, 2, 3, 4, 5, 6, 7, 8, 1, 2, 3, 4, 5, 6, 7, 8]
2025-04-22 13:23:08,077 INFO Predicted answer: [1, 2, 3, 4, 5, 6, 7, 8, 1, 2, 3, 4, 5, 6, 7, 8]


2025-04-22 13:26:50,581 INFO Image answer: cc19.png
2025-04-22 13:26:50,582 INFO True answer:  [0, 1, 2, 3, 4, 6, 5, 7, 8, 9, 1, 0, 2, 3, 4, 5]
2025-04-22 13:26:50,582 INFO Predicted answer: [0, 1, 2, 3, 8, 2, 2, 7, 8, 2, 1, 0, 2, 3, 8, 2]


